Unity Editor version:    2021.1.20f1 (be552157821d)
Branch:                  2021.1/staging
Build type:              Release
Batch mode:              YES
macOS version:           Version 11.7 (Build 20G817)
Darwin version:          20.6.0
Architecture:            x86_64
Running under Rosetta:   NO
Available memory:        16384 MB
Using pre-set license
Pro License: NO
Pro License: NO

COMMAND LINE ARGUMENTS:
/Applications/Unity/Unity.app/Contents/MacOS/Unity
-adb2
-batchMode
-noUpm
-name
AssetImportWorker0
-projectPath
/Users/game3/Desktop/Create With Code/Prototype 5
-logFile
Logs/AssetImportWorker0.log
-srvPort
57953
Successfully changed project path to: /Users/game3/Desktop/Create With Code/Prototype 5
/Users/game3/Desktop/Create With Code/Prototype 5
Using Asset Import Pipeline V2.
Refreshing native plugins compatible for Editor in 65.08 ms, found 2 plugins.
Preloading 0 native plugins for Editor in 0.00 ms.
Initialize engine version: 2021.1.20f1 (be552157821d)
[Subsystems] Discovering subsystems at path /Applications/Unity/Unity.app/Contents/Resources/UnitySubsystems
[Subsystems] Discovering subsystems at path /Users/game3/Desktop/Create With Code/Prototype 5/Assets
GfxDevice: creating device client; threaded=0; jobified=0
2024-03-05 12:17:09.391 Unity[38026:2736944] iMac preferred device: AMD Radeon Pro 5500 XT (high power)
2024-03-05 12:17:09.391 Unity[38026:2736944] Metal devices available: 1
2024-03-05 12:17:09.391 Unity[38026:2736944] 0: AMD Radeon Pro 5500 XT (high power)
2024-03-05 12:17:09.392 Unity[38026:2736944] Using device AMD Radeon Pro 5500 XT (high power)
Initializing Metal device caps: AMD Radeon Pro 5500 XT
Initialize mono
Mono path[0] = '/Applications/Unity/Unity.app/Contents/Managed'
Mono path[1] = '/Applications/Unity/Unity.app/Contents/MonoBleedingEdge/lib/mono/unityjit'
Mono config path = '/Applications/Unity/Unity.app/Contents/MonoBleedingEdge/etc'
Using monoOptions --debugger-agent=transport=dt_socket,embedding=1,server=y,suspend=n,address=127.0.0.1:56026
Begin MonoManager ReloadAssembly
Registering precompiled unity dll's ...
Register platform support module: /Applications/Unity/Unity.app/Contents/PlaybackEngines/MacStandaloneSupport/UnityEditor.OSXStandalone.Extensions.dll
Registered in 0.003042 seconds.
Native extension for OSXStandalone target not found
Refreshing native plugins compatible for Editor in 65.74 ms, found 2 plugins.
Preloading 0 native plugins for Editor in 0.00 ms.
Mono: successfully reloaded assembly
- Completed reload, in  2.142 seconds
Domain Reload Profiling:
	ReloadAssembly (2142ms)
		BeginReloadAssembly (38ms)
			ExecutionOrderSort (0ms)
			DisableScriptedObjects (0ms)
			BackupInstance (0ms)
			ReleaseScriptingObjects (0ms)
			CreateAndSetChildDomain (1ms)
		EndReloadAssembly (458ms)
			LoadAssemblies (37ms)
			RebuildTransferFunctionScriptingTraits (0ms)
			SetupTypeCache (181ms)
			ReleaseScriptCaches (0ms)
			RebuildScriptCaches (34ms)
			SetupLoadedEditorAssemblies (204ms)
				LogAssemblyErrors (0ms)
				InitializePlatformSupportModulesInManaged (5ms)
				SetLoadedEditorAssemblies (0ms)
				RefreshPlugins (66ms)
				BeforeProcessingInitializeOnLoad (1ms)
				ProcessInitializeOnLoadAttributes (103ms)
				ProcessInitializeOnLoadMethodAttributes (28ms)
				AfterProcessingInitializeOnLoad (0ms)
				EditorAssembliesLoaded (0ms)
			ExecutionOrderSort2 (0ms)
			AwakeInstancesAfterBackupRestoration (0ms)
Platform modules already initialized, skipping
Registering precompiled user dll's ...
Registered in 0.001812 seconds.
Begin MonoManager ReloadAssembly
Symbol file LoadedFromMemory doesn't match image /Users/game3/Desktop/Create With Code/Prototype 5/Library/PackageCache/com.unity.visualscripting@1.6.1/Editor/VisualScripting.Core/Dependencies/YamlDotNet/Unity.VisualScripting.YamlDotNet.dll
Symbol file LoadedFromMemory doesn't match image /Users/game3/Desktop/Create With Code/Prototype 5/Library/PackageCache/com.unity.visualscripting@1.6.1/Editor/VisualScripting.Core/Dependencies/DotNetZip/Unity.VisualScripting.IonicZip.dll
Native extension for OSXStandalone target not found
Refreshing native plugins compatible for Editor in 0.48 ms, found 2 plugins.
Preloading 0 native plugins for Editor in 0.00 ms.
Mono: successfully reloaded assembly
- Completed reload, in  1.048 seconds
Domain Reload Profiling:
	ReloadAssembly (1048ms)
		BeginReloadAssembly (143ms)
			ExecutionOrderSort (0ms)
			DisableScriptedObjects (4ms)
			BackupInstance (0ms)
			ReleaseScriptingObjects (0ms)
			CreateAndSetChildDomain (28ms)
		EndReloadAssembly (849ms)
			LoadAssemblies (66ms)
			RebuildTransferFunctionScriptingTraits (0ms)
			SetupTypeCache (355ms)
			ReleaseScriptCaches (0ms)
			RebuildScriptCaches (51ms)
			SetupLoadedEditorAssemblies (275ms)
				LogAssemblyErrors (0ms)
				InitializePlatformSupportModulesInManaged (4ms)
				SetLoadedEditorAssemblies (0ms)
				RefreshPlugins (0ms)
				BeforeProcessingInitializeOnLoad (50ms)
				ProcessInitializeOnLoadAttributes (213ms)
				ProcessInitializeOnLoadMethodAttributes (5ms)
				AfterProcessingInitializeOnLoad (1ms)
				EditorAssembliesLoaded (0ms)
			ExecutionOrderSort2 (0ms)
			AwakeInstancesAfterBackupRestoration (7ms)
Platform modules already initialized, skipping
========================================================================
Worker process is ready to serve import requests
Launching external process: /Applications/Unity/Unity.app/Contents/Tools/UnityShaderCompiler
Launched and connected shader compiler UnityShaderCompiler after 0.01 seconds
Refreshing native plugins compatible for Editor in 0.50 ms, found 2 plugins.
Preloading 0 native plugins for Editor in 0.00 ms.
Unloading 2951 Unused Serialized files (Serialized files now loaded: 0)
System memory in use before: 210.7 MB.
System memory in use after: 210.9 MB.

Unloading 20 unused Assets to reduce memory usage. Loaded Objects now: 3397.
Total: 2.515190 ms (FindLiveObjects: 0.202332 ms CreateObjectMapping: 0.116534 ms MarkObjects: 2.151907 ms  DeleteObjects: 0.043802 ms)

AssetImportParameters requested are different than current active one (requested -> active):
  custom:video-decoder-ogg-theora: a1e56fd34408186e4bbccfd4996cb3dc -> 
  custom:container-muxer-webm: aa71ff27fc2769a1b78a27578f13a17b -> 
  custom:container-demuxer-webm: 4f35f7cbe854078d1ac9338744f61a02 -> 
  custom:container-demuxer-ogg: 62fdf1f143b41e24485cea50d1cbac27 -> 
  custom:video-encoder-webm-vp8: eb34c28f22e8b96e1ab97ce403110664 -> 
  custom:framework-osx-AVFoundation: e770b220cccbd017edd2c1fefb359320 -> 
  custom:video-decoder-webm-vp8: 9c59270c3fd7afecdb556c50c9e8de78 -> 
  custom:audio-decoder-ogg-vorbis: bf7c407c2cedff20999df2af8eb42d56 -> 
  custom:audio-encoder-webm-vorbis: bf7c407c2cedff20999df2af8eb42d56 -> 
========================================================================
Received Import Request.
  path: Assets/Scrpits/Target.cs
  artifactKey: Guid(0ed4165aa575a47e08981e4d5231d8b9) Importer(815301076,1909f56bfc062723c751e8b465ee728b)
Start importing Assets/Scrpits/Target.cs using Guid(0ed4165aa575a47e08981e4d5231d8b9) Importer(815301076,1909f56bfc062723c751e8b465ee728b)  -> (artifact id: 'b335612a790a13a69baaa275376a496a') in 0.271130 seconds 
========================================================================
Received Import Request.
  Time since last request: 417.001264 seconds.
  path: Assets/Scrpits/NewBehaviourScript.cs
  artifactKey: Guid(1062ad063ee3e45019f9260deff0657c) Importer(815301076,1909f56bfc062723c751e8b465ee728b)
Start importing Assets/Scrpits/NewBehaviourScript.cs using Guid(1062ad063ee3e45019f9260deff0657c) Importer(815301076,1909f56bfc062723c751e8b465ee728b)  -> (artifact id: '0cf89fce7f30a0218928cb5ca26d25b8') in 0.001793 seconds 
========================================================================
Received Import Request.
  Time since last request: 26.779406 seconds.
  path: Assets/Scrpits/GamManger.cs
  artifactKey: Guid(1062ad063ee3e45019f9260deff0657c) Importer(815301076,1909f56bfc062723c751e8b465ee728b)
Start importing Assets/Scrpits/GamManger.cs using Guid(1062ad063ee3e45019f9260deff0657c) Importer(815301076,1909f56bfc062723c751e8b465ee728b)  -> (artifact id: '64d81e7c26352f4130c8a64ce3f57217') in 0.001675 seconds 
========================================================================
Received Import Request.
  Time since last request: 42.793573 seconds.
  path: Assets/Scrpits/GameManger.cs
  artifactKey: Guid(d4171dc16284c462e8116a4a92127d2e) Importer(815301076,1909f56bfc062723c751e8b465ee728b)
Start importing Assets/Scrpits/GameManger.cs using Guid(d4171dc16284c462e8116a4a92127d2e) Importer(815301076,1909f56bfc062723c751e8b465ee728b)  -> (artifact id: '7f966e2ebde4071868f0be407f6b1efc') in 0.001598 seconds 
AssetImportWorkerClient::OnTransportError - code=2 error=End of file
